<?xml version="1.0" encoding="UTF-8"?>
<testng-results ignored="0" total="2" passed="2" failed="0" skipped="0">
  <reporter-output>
  </reporter-output>
  <suite started-at="2022-05-10T13:28:04 IST" name="Default suite" finished-at="2022-05-10T13:28:04 IST" duration-ms="140">
    <groups>
    </groups>
    <test started-at="2022-05-10T13:28:04 IST" name="Default test" finished-at="2022-05-10T13:28:04 IST" duration-ms="140">
      <class name="Project.Test1">
        <test-method signature="tes21()[pri:0, instance:Project.Test1@611889f4]" started-at="2022-05-10T13:28:04 IST" name="tes21" finished-at="2022-05-10T13:28:04 IST" duration-ms="31" status="PASS">
          <reporter-output>
          </reporter-output>
        </test-method> <!-- tes21 -->
        <test-method signature="test1()[pri:0, instance:Project.Test1@611889f4]" started-at="2022-05-10T13:28:04 IST" name="test1" finished-at="2022-05-10T13:28:04 IST" duration-ms="3" status="PASS">
          <reporter-output>
          </reporter-output>
        </test-method> <!-- test1 -->
      </class> <!-- Project.Test1 -->
    </test> <!-- Default test -->
  </suite> <!-- Default suite -->
</testng-results>
